TN:
SF:src/modules/appointments/services/CreateAppointmentService.ts
FN:39,__decorate
FN:39,__metadata
FN:39,__param
FN:39,__awaiter
FN:39,adopt
FN:39,fulfilled
FN:39,rejected
FN:39,step
FN:39,__generator
FN:39,sent
FN:39,Symbol.function.g.(anonymous function)
FN:39,verb
FN:39,step
FN:39,__importDefault
FN:14,CreateAppointmentService
FN:19,CreateAppointmentService.execute
FNF:16
FNH:14
FNDA:1,__decorate
FNDA:1,__metadata
FNDA:1,__param
FNDA:3,__awaiter
FNDA:5,adopt
FNDA:5,fulfilled
FNDA:0,rejected
FNDA:7,step
FNDA:3,__generator
FNDA:5,sent
FNDA:0,Symbol.function.g.(anonymous function)
FNDA:9,verb
FNDA:8,step
FNDA:1,__importDefault
FNDA:2,CreateAppointmentService
FNDA:3,CreateAppointmentService.execute
DA:1,1
DA:2,1
DA:3,1
DA:4,1
DA:5,1
DA:6,1
DA:7,1
DA:8,1
DA:9,1
DA:10,1
DA:11,1
DA:12,1
DA:13,1
DA:14,1
DA:15,2
DA:16,2
DA:17,2
DA:18,1
DA:19,1
DA:20,3
DA:21,3
DA:22,3
DA:23,3
DA:24,3
DA:25,3
DA:26,3
DA:27,1
DA:28,1
DA:29,2
DA:30,2
DA:31,2
DA:32,2
DA:33,2
DA:34,3
DA:35,3
DA:36,3
DA:37,1
DA:38,1
DA:39,1
LF:39
LH:39
BRDA:39,0,0,1
BRDA:39,1,0,1
BRDA:39,2,0,0
BRDA:39,3,0,0
BRDA:39,4,0,0
BRDA:39,5,0,0
BRDA:39,6,0,1
BRDA:39,7,0,1
BRDA:39,8,0,1
BRDA:39,9,0,3
BRDA:39,10,0,5
BRDA:39,11,0,0
BRDA:39,12,0,3
BRDA:39,13,0,5
BRDA:39,14,0,4
BRDA:39,15,0,1
BRDA:39,16,0,7
BRDA:39,17,0,2
BRDA:39,18,0,5
BRDA:39,19,0,3
BRDA:39,20,0,5
BRDA:39,21,0,0
BRDA:39,22,0,9
BRDA:39,23,0,8
BRDA:39,24,0,8
BRDA:39,25,0,0
BRDA:39,26,0,16
BRDA:39,27,0,0
BRDA:39,28,0,0
BRDA:39,29,0,0
BRDA:39,30,0,0
BRDA:39,31,0,8
BRDA:39,32,0,8
BRDA:39,33,0,0
BRDA:39,34,0,5
BRDA:39,35,0,0
BRDA:39,36,0,3
BRDA:39,37,0,0
BRDA:39,38,0,2
BRDA:39,39,0,0
BRDA:39,40,0,0
BRDA:39,41,0,0
BRDA:39,42,0,0
BRDA:39,43,0,0
BRDA:39,44,0,8
BRDA:39,45,0,7
BRDA:39,46,0,1
BRDA:39,47,0,8
BRDA:39,48,0,3
BRDA:39,49,0,1
BRDA:39,50,0,2
BRDA:39,51,0,0
BRDA:39,52,0,1
BRDA:39,53,0,0
BRDA:13,54,0,1
BRDA:14,55,0,2
BRDA:19,56,0,3
BRDA:39,57,0,3
BRDA:39,58,0,8
BRDA:39,59,0,3
BRDA:39,60,0,0
BRDA:39,61,0,3
BRDA:26,62,0,1
BRDA:28,63,0,2
BRDA:39,64,0,0
BRDA:39,65,0,2
BRDA:39,66,0,0
BRF:67
BRH:43
end_of_record
TN:
SF:src/modules/users/services/AuthenticateUserService.ts
FN:54,__decorate
FN:54,__metadata
FN:54,__param
FN:54,__awaiter
FN:54,adopt
FN:54,fulfilled
FN:54,rejected
FN:54,step
FN:54,__generator
FN:54,sent
FN:54,Symbol.function.g.(anonymous function)
FN:54,verb
FN:54,step
FN:54,__importDefault
FN:21,AuthenticateUserService
FN:29,AuthenticateUserService.execute
FNF:16
FNH:14
FNDA:1,__decorate
FNDA:1,__metadata
FNDA:2,__param
FNDA:3,__awaiter
FNDA:5,adopt
FNDA:5,fulfilled
FNDA:0,rejected
FNDA:6,step
FNDA:3,__generator
FNDA:5,sent
FNDA:0,Symbol.function.g.(anonymous function)
FNDA:9,verb
FNDA:8,step
FNDA:2,__importDefault
FNDA:3,AuthenticateUserService
FNDA:3,AuthenticateUserService.execute
DA:1,1
DA:2,1
DA:3,1
DA:4,1
DA:5,1
DA:6,1
DA:7,1
DA:8,1
DA:9,1
DA:10,1
DA:11,1
DA:12,1
DA:13,1
DA:14,1
DA:15,1
DA:16,1
DA:17,1
DA:18,1
DA:19,1
DA:20,1
DA:21,1
DA:22,3
DA:23,3
DA:24,3
DA:25,3
DA:26,3
DA:27,3
DA:28,1
DA:29,1
DA:30,3
DA:31,3
DA:32,3
DA:33,1
DA:34,1
DA:35,2
DA:36,2
DA:37,2
DA:38,2
DA:39,2
DA:40,3
DA:41,3
DA:42,1
DA:43,1
DA:44,1
DA:45,1
DA:46,1
DA:47,1
DA:48,1
DA:49,1
DA:50,1
DA:51,1
DA:52,3
DA:53,1
DA:54,1
LF:54
LH:54
BRDA:54,0,0,1
BRDA:54,1,0,1
BRDA:54,2,0,0
BRDA:54,3,0,0
BRDA:54,4,0,0
BRDA:54,5,0,0
BRDA:54,6,0,1
BRDA:54,7,0,2
BRDA:54,8,0,2
BRDA:54,9,0,3
BRDA:54,10,0,5
BRDA:54,11,0,0
BRDA:54,12,0,3
BRDA:54,13,0,5
BRDA:54,14,0,3
BRDA:54,15,0,2
BRDA:54,16,0,6
BRDA:54,17,0,1
BRDA:54,18,0,5
BRDA:54,19,0,3
BRDA:54,20,0,5
BRDA:54,21,0,0
BRDA:54,22,0,9
BRDA:54,23,0,8
BRDA:54,24,0,8
BRDA:54,25,0,0
BRDA:54,26,0,16
BRDA:54,27,0,0
BRDA:54,28,0,0
BRDA:54,29,0,0
BRDA:54,30,0,0
BRDA:54,31,0,8
BRDA:54,32,0,8
BRDA:54,33,0,0
BRDA:54,34,0,5
BRDA:54,35,0,0
BRDA:54,36,0,3
BRDA:54,37,0,0
BRDA:54,38,0,1
BRDA:54,39,0,0
BRDA:54,40,0,0
BRDA:54,41,0,0
BRDA:54,42,0,0
BRDA:54,43,0,0
BRDA:54,44,0,8
BRDA:54,45,0,6
BRDA:54,46,0,2
BRDA:54,47,0,8
BRDA:54,48,0,3
BRDA:54,49,0,2
BRDA:54,50,0,1
BRDA:54,51,0,0
BRDA:54,52,0,2
BRDA:54,53,0,0
BRDA:20,54,0,1
BRDA:21,55,0,3
BRDA:29,56,0,3
BRDA:54,57,0,3
BRDA:54,58,0,8
BRDA:30,59,0,3
BRDA:54,60,0,0
BRDA:54,61,0,3
BRDA:32,62,0,1
BRDA:34,63,0,2
BRDA:54,64,0,0
BRDA:54,65,0,2
BRDA:41,66,0,1
BRDA:54,67,0,0
BRF:68
BRH:44
end_of_record
TN:
SF:src/modules/users/services/CreateUserService.ts
FN:37,__decorate
FN:37,__metadata
FN:37,__param
FN:37,__awaiter
FN:37,adopt
FN:37,fulfilled
FN:37,rejected
FN:37,step
FN:37,__generator
FN:37,sent
FN:37,Symbol.function.g.(anonymous function)
FN:37,verb
FN:37,step
FN:37,__importDefault
FN:15,CreateUserService
FN:22,CreateUserService.execute
FNF:16
FNH:14
FNDA:2,__decorate
FNDA:2,__metadata
FNDA:4,__param
FNDA:5,__awaiter
FNDA:13,adopt
FNDA:13,fulfilled
FNDA:0,rejected
FNDA:17,step
FNDA:5,__generator
FNDA:13,sent
FNDA:0,Symbol.function.g.(anonymous function)
FNDA:15,verb
FNDA:18,step
FNDA:2,__importDefault
FNDA:5,CreateUserService
FNDA:5,CreateUserService.execute
DA:1,1
DA:2,1
DA:3,1
DA:4,1
DA:5,1
DA:6,1
DA:7,1
DA:8,1
DA:9,1
DA:10,1
DA:11,1
DA:12,1
DA:13,1
DA:14,2
DA:15,2
DA:16,5
DA:17,5
DA:18,5
DA:19,5
DA:20,5
DA:21,2
DA:22,2
DA:23,5
DA:24,5
DA:25,1
DA:26,1
DA:27,4
DA:28,5
DA:29,5
DA:30,5
DA:31,5
DA:32,5
DA:33,5
DA:34,5
DA:35,5
DA:36,2
DA:37,1
LF:37
LH:37
BRDA:37,0,0,2
BRDA:37,1,0,2
BRDA:37,2,0,0
BRDA:37,3,0,0
BRDA:37,4,0,0
BRDA:37,5,0,0
BRDA:37,6,0,2
BRDA:37,7,0,4
BRDA:37,8,0,4
BRDA:37,9,0,5
BRDA:37,10,0,13
BRDA:37,11,0,0
BRDA:37,12,0,5
BRDA:37,13,0,13
BRDA:37,14,0,12
BRDA:37,15,0,1
BRDA:37,16,0,17
BRDA:37,17,0,4
BRDA:37,18,0,13
BRDA:37,19,0,5
BRDA:37,20,0,13
BRDA:37,21,0,0
BRDA:37,22,0,15
BRDA:37,23,0,18
BRDA:37,24,0,18
BRDA:37,25,0,0
BRDA:37,26,0,36
BRDA:37,27,0,0
BRDA:37,28,0,0
BRDA:37,29,0,0
BRDA:37,30,0,0
BRDA:37,31,0,18
BRDA:37,32,0,18
BRDA:37,33,0,0
BRDA:37,34,0,13
BRDA:37,35,0,0
BRDA:37,36,0,5
BRDA:37,37,0,0
BRDA:37,38,0,4
BRDA:37,39,0,0
BRDA:37,40,0,0
BRDA:37,41,0,0
BRDA:37,42,0,0
BRDA:37,43,0,0
BRDA:37,44,0,28
BRDA:37,45,0,18
BRDA:37,46,0,17
BRDA:37,47,0,1
BRDA:37,48,0,18
BRDA:37,49,0,5
BRDA:37,50,0,1
BRDA:37,51,0,4
BRDA:37,52,0,0
BRDA:37,53,0,2
BRDA:37,54,0,0
BRDA:14,55,0,2
BRDA:15,56,0,5
BRDA:22,57,0,5
BRDA:37,58,0,5
BRDA:37,59,0,18
BRDA:23,60,0,5
BRDA:37,61,0,0
BRDA:37,62,0,5
BRDA:24,63,0,1
BRDA:26,64,0,4
BRDA:37,65,0,0
BRDA:37,66,0,4
BRDA:37,67,0,0
BRDA:37,68,0,4
BRDA:37,69,0,0
BRF:70
BRH:45
end_of_record
TN:
SF:src/modules/users/services/ResetPasswordService.ts
FN:46,__decorate
FN:46,__metadata
FN:46,__param
FN:46,__awaiter
FN:46,adopt
FN:46,fulfilled
FN:46,rejected
FN:46,step
FN:46,__generator
FN:46,sent
FN:46,Symbol.function.g.(anonymous function)
FN:46,verb
FN:46,step
FN:46,__importDefault
FN:15,ResetPasswordService
FN:24,ResetPasswordService.execute
FNF:16
FNH:14
FNDA:1,__decorate
FNDA:1,__metadata
FNDA:3,__param
FNDA:4,__awaiter
FNDA:9,adopt
FNDA:9,fulfilled
FNDA:0,rejected
FNDA:10,step
FNDA:4,__generator
FNDA:9,sent
FNDA:0,Symbol.function.g.(anonymous function)
FNDA:12,verb
FNDA:13,step
FNDA:1,__importDefault
FNDA:4,ResetPasswordService
FNDA:4,ResetPasswordService.execute
DA:1,1
DA:2,1
DA:3,1
DA:4,1
DA:5,1
DA:6,1
DA:7,1
DA:8,1
DA:9,1
DA:10,1
DA:11,1
DA:12,1
DA:13,1
DA:14,1
DA:15,1
DA:16,4
DA:17,4
DA:18,4
DA:19,4
DA:20,4
DA:21,4
DA:22,4
DA:23,1
DA:24,1
DA:25,4
DA:26,4
DA:27,1
DA:28,1
DA:29,3
DA:30,3
DA:31,4
DA:32,1
DA:33,1
DA:34,2
DA:35,2
DA:36,2
DA:37,2
DA:38,4
DA:39,1
DA:40,1
DA:41,1
DA:42,1
DA:43,4
DA:44,4
DA:45,1
DA:46,1
LF:46
LH:46
BRDA:46,0,0,1
BRDA:46,1,0,1
BRDA:46,2,0,0
BRDA:46,3,0,0
BRDA:46,4,0,0
BRDA:46,5,0,0
BRDA:46,6,0,1
BRDA:46,7,0,3
BRDA:46,8,0,3
BRDA:46,9,0,4
BRDA:46,10,0,9
BRDA:46,11,0,0
BRDA:46,12,0,4
BRDA:46,13,0,9
BRDA:46,14,0,6
BRDA:46,15,0,3
BRDA:46,16,0,10
BRDA:46,17,0,1
BRDA:46,18,0,9
BRDA:46,19,0,4
BRDA:46,20,0,9
BRDA:46,21,0,0
BRDA:46,22,0,12
BRDA:46,23,0,13
BRDA:46,24,0,13
BRDA:46,25,0,0
BRDA:46,26,0,26
BRDA:46,27,0,0
BRDA:46,28,0,0
BRDA:46,29,0,0
BRDA:46,30,0,0
BRDA:46,31,0,13
BRDA:46,32,0,13
BRDA:46,33,0,0
BRDA:46,34,0,9
BRDA:46,35,0,0
BRDA:46,36,0,4
BRDA:46,37,0,0
BRDA:46,38,0,1
BRDA:46,39,0,0
BRDA:46,40,0,0
BRDA:46,41,0,0
BRDA:46,42,0,0
BRDA:46,43,0,0
BRDA:46,44,0,13
BRDA:46,45,0,10
BRDA:46,46,0,3
BRDA:46,47,0,13
BRDA:46,48,0,4
BRDA:46,49,0,3
BRDA:46,50,0,1
BRDA:46,51,0,0
BRDA:46,52,0,1
BRDA:46,53,0,0
BRDA:14,54,0,1
BRDA:15,55,0,4
BRDA:24,56,0,4
BRDA:46,57,0,4
BRDA:46,58,0,13
BRDA:25,59,0,4
BRDA:46,60,0,0
BRDA:46,61,0,4
BRDA:26,62,0,1
BRDA:28,63,0,3
BRDA:46,64,0,0
BRDA:46,65,0,3
BRDA:31,66,0,1
BRDA:33,67,0,2
BRDA:38,68,0,1
BRDA:46,69,0,0
BRDA:46,70,0,1
BRDA:46,71,0,0
BRDA:46,72,0,1
BRDA:46,73,0,0
BRF:74
BRH:48
end_of_record
TN:
SF:src/modules/users/services/SendForgotPasswordEmailService.ts
FN:59,__decorate
FN:59,__metadata
FN:59,__param
FN:59,__awaiter
FN:59,adopt
FN:59,fulfilled
FN:59,rejected
FN:59,step
FN:59,__generator
FN:59,sent
FN:59,Symbol.function.g.(anonymous function)
FN:59,verb
FN:59,step
FN:59,__importDefault
FN:14,SendForgotPasswordEmailService
FN:23,SendForgotPasswordEmailService.execute
FNF:16
FNH:14
FNDA:1,__decorate
FNDA:1,__metadata
FNDA:3,__param
FNDA:3,__awaiter
FNDA:7,adopt
FNDA:7,fulfilled
FNDA:0,rejected
FNDA:9,step
FNDA:3,__generator
FNDA:7,sent
FNDA:0,Symbol.function.g.(anonymous function)
FNDA:9,verb
FNDA:10,step
FNDA:2,__importDefault
FNDA:3,SendForgotPasswordEmailService
FNDA:3,SendForgotPasswordEmailService.execute
DA:1,1
DA:2,1
DA:3,1
DA:4,1
DA:5,1
DA:6,1
DA:7,1
DA:8,1
DA:9,1
DA:10,1
DA:11,1
DA:12,1
DA:13,1
DA:14,1
DA:15,3
DA:16,3
DA:17,3
DA:18,3
DA:19,3
DA:20,3
DA:21,3
DA:22,1
DA:23,1
DA:24,3
DA:25,3
DA:26,1
DA:27,1
DA:28,2
DA:29,2
DA:30,3
DA:31,3
DA:32,3
DA:33,3
DA:34,3
DA:35,3
DA:36,3
DA:37,3
DA:38,3
DA:39,3
DA:40,3
DA:41,3
DA:42,3
DA:43,3
DA:44,3
DA:45,3
DA:46,3
DA:47,3
DA:48,3
DA:49,3
DA:50,3
DA:51,3
DA:52,3
DA:53,3
DA:54,3
DA:55,3
DA:56,3
DA:57,3
DA:58,1
DA:59,1
LF:59
LH:59
BRDA:59,0,0,1
BRDA:59,1,0,1
BRDA:59,2,0,0
BRDA:59,3,0,0
BRDA:59,4,0,0
BRDA:59,5,0,0
BRDA:59,6,0,1
BRDA:59,7,0,3
BRDA:59,8,0,3
BRDA:59,9,0,3
BRDA:59,10,0,7
BRDA:59,11,0,0
BRDA:59,12,0,3
BRDA:59,13,0,7
BRDA:59,14,0,6
BRDA:59,15,0,1
BRDA:59,16,0,9
BRDA:59,17,0,2
BRDA:59,18,0,7
BRDA:59,19,0,3
BRDA:59,20,0,7
BRDA:59,21,0,0
BRDA:59,22,0,9
BRDA:59,23,0,10
BRDA:59,24,0,10
BRDA:59,25,0,0
BRDA:59,26,0,20
BRDA:59,27,0,0
BRDA:59,28,0,0
BRDA:59,29,0,0
BRDA:59,30,0,0
BRDA:59,31,0,10
BRDA:59,32,0,10
BRDA:59,33,0,0
BRDA:59,34,0,7
BRDA:59,35,0,0
BRDA:59,36,0,3
BRDA:59,37,0,0
BRDA:59,38,0,2
BRDA:59,39,0,0
BRDA:59,40,0,0
BRDA:59,41,0,0
BRDA:59,42,0,0
BRDA:59,43,0,0
BRDA:59,44,0,10
BRDA:59,45,0,9
BRDA:59,46,0,1
BRDA:59,47,0,10
BRDA:59,48,0,3
BRDA:59,49,0,1
BRDA:59,50,0,2
BRDA:59,51,0,0
BRDA:59,52,0,2
BRDA:59,53,0,1
BRDA:59,54,0,1
BRDA:13,55,0,1
BRDA:14,56,0,3
BRDA:23,57,0,3
BRDA:59,58,0,3
BRDA:59,59,0,10
BRDA:24,60,0,3
BRDA:59,61,0,0
BRDA:59,62,0,3
BRDA:25,63,0,1
BRDA:27,64,0,2
BRDA:59,65,0,0
BRDA:59,66,0,2
BRDA:59,67,0,0
BRDA:59,68,0,2
BRDA:59,69,0,0
BRF:70
BRH:46
end_of_record
TN:
SF:src/modules/users/services/UpdateUserAvatarService.ts
FN:42,__decorate
FN:42,__metadata
FN:42,__param
FN:42,__awaiter
FN:42,adopt
FN:42,fulfilled
FN:42,rejected
FN:42,step
FN:42,__generator
FN:42,sent
FN:42,Symbol.function.g.(anonymous function)
FN:42,verb
FN:42,step
FN:42,__importDefault
FN:17,UpdateUserAvatarService
FN:25,UpdateUserAvatarService.execute
FNF:16
FNH:14
FNDA:1,__decorate
FNDA:1,__metadata
FNDA:2,__param
FNDA:4,__awaiter
FNDA:11,adopt
FNDA:11,fulfilled
FNDA:0,rejected
FNDA:14,step
FNDA:4,__generator
FNDA:11,sent
FNDA:0,Symbol.function.g.(anonymous function)
FNDA:12,verb
FNDA:15,step
FNDA:1,__importDefault
FNDA:3,UpdateUserAvatarService
FNDA:4,UpdateUserAvatarService.execute
DA:1,1
DA:2,1
DA:3,1
DA:4,1
DA:5,1
DA:6,1
DA:7,1
DA:8,1
DA:9,1
DA:10,1
DA:11,1
DA:12,1
DA:13,1
DA:14,1
DA:15,1
DA:16,1
DA:17,1
DA:18,3
DA:19,3
DA:20,3
DA:21,3
DA:22,3
DA:23,3
DA:24,1
DA:25,1
DA:26,4
DA:27,4
DA:28,1
DA:29,1
DA:30,3
DA:31,1
DA:32,4
DA:33,4
DA:34,4
DA:35,4
DA:36,4
DA:37,4
DA:38,4
DA:39,4
DA:40,1
DA:41,1
DA:42,1
LF:42
LH:42
BRDA:42,0,0,1
BRDA:42,1,0,1
BRDA:42,2,0,0
BRDA:42,3,0,0
BRDA:42,4,0,0
BRDA:42,5,0,0
BRDA:42,6,0,1
BRDA:42,7,0,2
BRDA:42,8,0,2
BRDA:42,9,0,4
BRDA:42,10,0,11
BRDA:42,11,0,0
BRDA:42,12,0,4
BRDA:42,13,0,11
BRDA:42,14,0,10
BRDA:42,15,0,1
BRDA:42,16,0,14
BRDA:42,17,0,3
BRDA:42,18,0,11
BRDA:42,19,0,4
BRDA:42,20,0,11
BRDA:42,21,0,0
BRDA:42,22,0,12
BRDA:42,23,0,15
BRDA:42,24,0,15
BRDA:42,25,0,0
BRDA:42,26,0,32
BRDA:42,27,0,0
BRDA:42,28,0,0
BRDA:42,29,0,0
BRDA:42,30,0,0
BRDA:42,31,0,15
BRDA:42,32,0,15
BRDA:42,33,0,0
BRDA:42,34,0,11
BRDA:42,35,0,0
BRDA:42,36,0,6
BRDA:42,37,0,0
BRDA:42,38,0,5
BRDA:42,39,0,4
BRDA:42,40,0,2
BRDA:42,41,0,0
BRDA:42,42,0,2
BRDA:42,43,0,0
BRDA:42,44,0,0
BRDA:42,45,0,0
BRDA:42,46,0,0
BRDA:42,47,0,17
BRDA:42,48,0,16
BRDA:42,49,0,1
BRDA:42,50,0,17
BRDA:42,51,0,4
BRDA:42,52,0,1
BRDA:42,53,0,3
BRDA:42,54,0,0
BRDA:42,55,0,1
BRDA:42,56,0,0
BRDA:16,57,0,1
BRDA:17,58,0,3
BRDA:25,59,0,4
BRDA:42,60,0,4
BRDA:42,61,0,17
BRDA:26,62,0,4
BRDA:42,63,0,0
BRDA:42,64,0,4
BRDA:27,65,0,1
BRDA:29,66,0,3
BRDA:30,67,0,2
BRDA:30,68,0,1
BRDA:42,69,0,0
BRDA:42,70,0,1
BRDA:33,71,0,3
BRDA:42,72,0,0
BRDA:42,73,0,3
BRDA:42,74,0,0
BRDA:42,75,0,3
BRDA:42,76,0,0
BRF:77
BRH:51
end_of_record
